#! /usr/bin/vvp
:ivl_version "12.0 (stable)";
:ivl_delay_selection "TYPICAL";
:vpi_time_precision - 12;
:vpi_module "/usr/lib/x86_64-linux-gnu/ivl/system.vpi";
:vpi_module "/usr/lib/x86_64-linux-gnu/ivl/vhdl_sys.vpi";
:vpi_module "/usr/lib/x86_64-linux-gnu/ivl/vhdl_textio.vpi";
:vpi_module "/usr/lib/x86_64-linux-gnu/ivl/v2005_math.vpi";
:vpi_module "/usr/lib/x86_64-linux-gnu/ivl/va_math.vpi";
S_0x568e476d44f0 .scope module, "mac_tb" "mac_tb" 2 3;
 .timescale -9 -12;
v0x568e47722230_0 .var "a", 7 0;
v0x568e47722310_0 .var "acc_in", 15 0;
v0x568e477223e0_0 .net "acc_out", 15 0, v0x568e47721e00_0;  1 drivers
v0x568e477224e0_0 .var "b", 7 0;
v0x568e477225b0_0 .var "clk", 0 0;
v0x568e477226a0_0 .var "rst", 0 0;
S_0x568e476d4680 .scope module, "uut" "mac_unit" 2 13, 3 1 0, S_0x568e476d44f0;
 .timescale 0 0;
    .port_info 0 /INPUT 1 "clk";
    .port_info 1 /INPUT 1 "rst";
    .port_info 2 /INPUT 8 "a";
    .port_info 3 /INPUT 8 "b";
    .port_info 4 /INPUT 16 "acc_in";
    .port_info 5 /OUTPUT 16 "acc_out";
v0x568e4770e8c0_0 .net "a", 7 0, v0x568e47722230_0;  1 drivers
v0x568e47721d20_0 .net "acc_in", 15 0, v0x568e47722310_0;  1 drivers
v0x568e47721e00_0 .var "acc_out", 15 0;
v0x568e47721ec0_0 .net "b", 7 0, v0x568e477224e0_0;  1 drivers
v0x568e47721fa0_0 .net "clk", 0 0, v0x568e477225b0_0;  1 drivers
v0x568e477220b0_0 .net "rst", 0 0, v0x568e477226a0_0;  1 drivers
E_0x568e4770f840 .event posedge, v0x568e47721fa0_0;
    .scope S_0x568e476d4680;
T_0 ;
    %wait E_0x568e4770f840;
    %load/vec4 v0x568e477220b0_0;
    %flag_set/vec4 8;
    %jmp/0xz  T_0.0, 8;
    %pushi/vec4 0, 0, 16;
    %assign/vec4 v0x568e47721e00_0, 0;
    %jmp T_0.1;
T_0.0 ;
    %load/vec4 v0x568e47721d20_0;
    %load/vec4 v0x568e4770e8c0_0;
    %pad/u 16;
    %load/vec4 v0x568e47721ec0_0;
    %pad/u 16;
    %mul;
    %add;
    %assign/vec4 v0x568e47721e00_0, 0;
T_0.1 ;
    %jmp T_0;
    .thread T_0;
    .scope S_0x568e476d44f0;
T_1 ;
    %delay 5000, 0;
    %load/vec4 v0x568e477225b0_0;
    %inv;
    %store/vec4 v0x568e477225b0_0, 0, 1;
    %jmp T_1;
    .thread T_1;
    .scope S_0x568e476d44f0;
T_2 ;
    %vpi_call 2 25 "$dumpfile", "waveforms/mac.vcd" {0 0 0};
    %vpi_call 2 26 "$dumpvars", 32'sb00000000000000000000000000000000, S_0x568e476d44f0 {0 0 0};
    %pushi/vec4 0, 0, 1;
    %store/vec4 v0x568e477225b0_0, 0, 1;
    %pushi/vec4 1, 0, 1;
    %store/vec4 v0x568e477226a0_0, 0, 1;
    %delay 10000, 0;
    %pushi/vec4 0, 0, 1;
    %store/vec4 v0x568e477226a0_0, 0, 1;
    %pushi/vec4 4, 0, 8;
    %store/vec4 v0x568e47722230_0, 0, 8;
    %pushi/vec4 5, 0, 8;
    %store/vec4 v0x568e477224e0_0, 0, 8;
    %pushi/vec4 10, 0, 16;
    %store/vec4 v0x568e47722310_0, 0, 16;
    %delay 20000, 0;
    %vpi_call 2 40 "$finish" {0 0 0};
    %end;
    .thread T_2;
# The file index is used to find the file name in the following table.
:file_names 4;
    "N/A";
    "<interactive>";
    "tb/mac_tb.v";
    "rtl/mac_unit.v";
